[23:17:58] [main/INFO] (FabricLoader/GameProvider) Loading Minecraft 1.19.2 with Fabric Loader 0.16.9
[23:17:58] [main/INFO] (FabricLoader) Loading 45 mods:
	- fabric-api 0.64.0+1.19.2
	- fabric-api-base 0.4.12+93d8cb8290
	- fabric-api-lookup-api-v1 1.6.10+93d8cb8290
	- fabric-biome-api-v1 9.0.18+c6af733c90
	- fabric-blockrenderlayer-v1 1.1.21+c6af733c90
	- fabric-client-tags-api-v1 1.0.2+b35fea8390
	- fabric-command-api-v2 2.1.8+93d8cb8290
	- fabric-content-registries-v0 3.4.0+6064db2a90
	- fabric-convention-tags-v1 1.1.2+93d8cb8290
	- fabric-crash-report-info-v1 0.2.6+aeb40ebe90
	- fabric-data-generation-api-v1 5.2.2+b598f4ac90
	- fabric-dimensions-v1 2.1.32+0dd10df690
	- fabric-entity-events-v1 1.4.19+9ff28f4090
	- fabric-events-interaction-v0 0.4.29+c6af733c90
	- fabric-game-rule-api-v1 1.0.22+c6af733c90
	- fabric-gametest-api-v1 1.1.1+704e47e990
	- fabric-item-api-v1 1.5.8+93d8cb8290
	- fabric-item-groups-v0 0.3.32+70efcffe90
	- fabric-key-binding-api-v1 1.0.22+aaaf9d3390
	- fabric-lifecycle-events-v1 2.2.0+33ffe9ec90
	- fabric-loot-api-v2 1.1.6+83a8659290
	- fabric-message-api-v1 5.0.4+93d8cb8290
	- fabric-mining-level-api-v1 2.1.17+33fbc73890
	- fabric-models-v0 0.3.18+c6af733c90
	- fabric-networking-api-v1 1.2.5+c6af733c90
	- fabric-object-builder-api-v1 4.0.14+93d8cb8290
	- fabric-particles-v1 1.0.11+79adfe0a90
	- fabric-registry-sync-v0 0.9.26+c6af733c90
	- fabric-renderer-api-v1 1.0.12+c0ae659d90
	- fabric-renderer-indigo 0.6.14+aeb40ebe90
	- fabric-rendering-data-attachment-v1 0.3.15+aeb40ebe90
	- fabric-rendering-fluids-v1 3.0.8+c6af733c90
	- fabric-rendering-v1 1.11.0+73145abb90
	- fabric-resource-conditions-api-v1 2.1.0+aae9039d90
	- fabric-resource-loader-v0 0.7.2+70efcffe90
	- fabric-screen-api-v1 1.0.27+93d8cb8290
	- fabric-screen-handler-api-v1 1.3.1+1cc24b1b90
	- fabric-sound-api-v1 1.0.0+c4f28df590
	- fabric-textures-v0 1.0.21+aeb40ebe90
	- fabric-transfer-api-v1 2.1.1+93d8cb8290
	- fabric-transitive-access-wideners-v1 1.3.1+42d99c3290
	- fabricloader 0.16.9
	- java 23
	- minecraft 1.19.2
	- multiverse 1.0.0
[23:17:58] [main/INFO] (FabricLoader/Mixin) SpongePowered MIXIN Subsystem Version=0.8.7 Source=file:/home/alessandro/.gradle/caches/modules-2/files-2.1/net.fabricmc/sponge-mixin/0.15.4+mixin.0.8.7/6a12aacc794f1078458433116e9ed42c1cc98096/sponge-mixin-0.15.4+mixin.0.8.7.jar Service=Knot/Fabric Env=CLIENT
[23:17:58] [main/INFO] (FabricLoader/Mixin) Loaded Fabric development mappings for mixin remapper!
[23:17:58] [main/INFO] (FabricLoader/Mixin) Compatibility level set to JAVA_16
[23:17:58] [main/INFO] (FabricLoader/Mixin) Compatibility level set to JAVA_17
[23:18:00] [main/INFO] (Minecraft) Building optimized datafixer
[23:18:03] [Render thread/INFO] (Minecraft) Environment: authHost='https://authserver.mojang.com', accountsHost='https://api.mojang.com', sessionHost='https://sessionserver.mojang.com', servicesHost='https://api.minecraftservices.com', name='PROD'
[23:18:04] [Render thread/ERROR] (fabric-screen-api-v1) Failed to verify authentication
com.mojang.authlib.exceptions.InvalidCredentialsException: Status: 401
	at com.mojang.authlib.exceptions.MinecraftClientHttpException.toAuthenticationException(MinecraftClientHttpException.java:56) ~[authlib-3.11.49.jar:?]
	at com.mojang.authlib.yggdrasil.YggdrasilUserApiService.fetchProperties(YggdrasilUserApiService.java:155) ~[authlib-3.11.49.jar:?]
	at com.mojang.authlib.yggdrasil.YggdrasilUserApiService.<init>(YggdrasilUserApiService.java:55) ~[authlib-3.11.49.jar:?]
	at com.mojang.authlib.yggdrasil.YggdrasilAuthenticationService.createUserApiService(YggdrasilAuthenticationService.java:161) ~[authlib-3.11.49.jar:?]
	at net.minecraft.client.MinecraftClient.createUserApiService(MinecraftClient.java:711) [minecraft-project-@-merged-named.jar:?]
	at net.minecraft.client.MinecraftClient.<init>(MinecraftClient.java:431) [minecraft-project-@-merged-named.jar:?]
	at net.minecraft.client.main.Main.main(Main.java:205) [minecraft-project-@-merged-named.jar:?]
	at net.minecraft.client.main.Main.main(Main.java:51) [minecraft-project-@-merged-named.jar:?]
	at net.fabricmc.loader.impl.game.minecraft.MinecraftGameProvider.launch(MinecraftGameProvider.java:480) [fabric-loader-0.16.9.jar:?]
	at net.fabricmc.loader.impl.launch.knot.Knot.launch(Knot.java:74) [fabric-loader-0.16.9.jar:?]
	at net.fabricmc.loader.impl.launch.knot.KnotClient.main(KnotClient.java:23) [fabric-loader-0.16.9.jar:?]
	at net.fabricmc.devlaunchinjector.Main.main(Main.java:86) [dev-launch-injector-0.2.1+build.8.jar:?]
Caused by: com.mojang.authlib.exceptions.MinecraftClientHttpException: Status: 401
	at com.mojang.authlib.minecraft.client.MinecraftClient.readInputStream(MinecraftClient.java:85) ~[authlib-3.11.49.jar:?]
	at com.mojang.authlib.minecraft.client.MinecraftClient.get(MinecraftClient.java:48) ~[authlib-3.11.49.jar:?]
	at com.mojang.authlib.yggdrasil.YggdrasilUserApiService.fetchProperties(YggdrasilUserApiService.java:129) ~[authlib-3.11.49.jar:?]
	... 10 more
[23:18:04] [Render thread/INFO] (fabric-screen-api-v1) Setting user: Player73
[23:18:05] [Render thread/INFO] (multiverse) Initializing Multiverse Mod!
[23:18:05] [Render thread/INFO] (multiverse) Registered custom recipes for Multiverse!
[23:18:05] [Render thread/INFO] (Indigo) [Indigo] Registering Indigo renderer!
[23:18:06] [Render thread/INFO] (fabric-screen-api-v1) Backend library: LWJGL version 3.3.1 SNAPSHOT
[23:18:06] [Render thread/INFO] (Minecraft) [STDERR]: [LWJGL] [ThreadLocalUtil] Unsupported JNI version detected, this may result in a crash. Please inform LWJGL developers.
[23:18:08] [Worker-Main-17/ERROR] (Minecraft) Failed to retrieve profile key pair
java.io.IOException: Could not retrieve profile key pair
	at net.minecraft.client.util.ProfileKeys.fetchKeyPair(ProfileKeys.java:130) ~[minecraft-project-@-merged-named.jar:?]
	at net.minecraft.client.util.ProfileKeys.method_44291(ProfileKeys.java:69) ~[minecraft-project-@-merged-named.jar:?]
	at java.util.concurrent.CompletableFuture$AsyncSupply.run(CompletableFuture.java:1812) [?:?]
	at java.util.concurrent.CompletableFuture$AsyncSupply.exec(CompletableFuture.java:1804) [?:?]
	at java.util.concurrent.ForkJoinTask.doExec(ForkJoinTask.java:507) [?:?]
	at java.util.concurrent.ForkJoinPool$WorkQueue.topLevelExec(ForkJoinPool.java:1458) [?:?]
	at java.util.concurrent.ForkJoinPool.runWorker(ForkJoinPool.java:2034) [?:?]
	at java.util.concurrent.ForkJoinWorkerThread.run(ForkJoinWorkerThread.java:189) [?:?]
[23:18:08] [Render thread/INFO] (Minecraft) Reloading ResourceManager: Default, Fabric Mods (Fabric Entity Events (v1), Fabric Loot API (v2), Fabric Game Test API (v1), Fabric Rendering (v1), Fabric Events Interaction (v0), Fabric Biome API (v1), Fabric Renderer - Indigo, Fabric Transitive Access Wideners (v1), Fabric Convention Tags, Fabric Content Registries (v0), Fabric Screen API (v1), Fabric Rendering Fluids (v1), Fabric Models (v0), Fabric Object Builder API (v1), Fabric Textures (v0), Fabric Registry Sync (v0), Fabric Renderer API (v1), Fabric Crash Report Info (v1), Fabric Resource Conditions API (v1), Fabric Item API (v1), Fabric Message API (v1), Fabric Screen Handler API (v1), Fabric Networking API (v1), Fabric Game Rule API (v1), Fabric API Lookup API (v1), Fabric BlockRenderLayer Registration (v1), Fabric Resource Loader (v0), Fabric Key Binding API (v1), Multiverse, Fabric Rendering Data Attachment (v1), Fabric API Base, Fabric Transfer API (v1), Fabric Lifecycle Events (v1), Fabric Dimensions API (v1), Fabric Mining Level API (v1), Fabric Data Generation API (v1), Fabric API, Fabric Command API (v2), Fabric Client Tags, Fabric Sound API (v1), Fabric Loader, Fabric Particles (v1), Fabric Item Groups (v0))
[23:18:08] [Realms Notification Availability checker #1/INFO] (Minecraft) Could not authorize you against Realms server: Invalid session id
[23:18:10] [Worker-Main-29/WARN] (Minecraft) Found 'parent' loop while loading model 'multiverse:item/bottle_of_portal_fluid' in chain: multiverse:item/bottle_of_portal_fluid -> multiverse:item/bottle_of_portal_fluid
[23:18:10] [Worker-Main-29/WARN] (Minecraft) Unable to resolve texture reference: #missing in multiverse:block/phosphorus_precursor
[23:18:10] [Worker-Main-29/WARN] (Minecraft) Unable to resolve texture reference: #missingno in multiverse:item/bottle_of_portal_fluid
[23:18:10] [Worker-Main-29/WARN] (Minecraft) Unable to resolve texture reference: #missing in multiverse:item/phosphorus_precursor
[23:18:11] [Worker-Main-29/WARN] (Minecraft) Texture multiverse:block/metal with size 1160x772 limits mip level from 4 to 2
[23:18:11] [Worker-Main-29/WARN] (Minecraft) Texture multiverse:item/green_powder with size 167x182 limits mip level from 2 to 0
[23:18:11] [Worker-Main-29/WARN] (Minecraft) minecraft:textures/atlas/blocks.png: dropping miplevel from 4 to 0, because of minimum power of two: 1
[23:18:11] [Render thread/WARN] (Minecraft) Skipped language file: multiverse:lang/en_us.json (com.google.gson.JsonSyntaxException: com.google.gson.stream.MalformedJsonException: Unterminated object at line 8 column 4 path $.item.multiverse.container)
[23:18:11] [Render thread/WARN] (Minecraft) Missing sound for event: minecraft:item.goat_horn.play
[23:18:11] [Render thread/WARN] (Minecraft) Missing sound for event: minecraft:entity.goat.screaming.horn_break
[23:18:11] [Render thread/INFO] (Minecraft) OpenAL initialized on device WH-1000XM3
[23:18:11] [Render thread/INFO] (Minecraft) Sound engine started
[23:18:11] [Render thread/INFO] (Minecraft) Created: 4096x4096x0 minecraft:textures/atlas/blocks.png-atlas
[23:18:11] [Render thread/INFO] (Minecraft) Created: 256x128x4 minecraft:textures/atlas/signs.png-atlas
[23:18:11] [Render thread/INFO] (Minecraft) Created: 1024x512x4 minecraft:textures/atlas/banner_patterns.png-atlas
[23:18:11] [Render thread/INFO] (Minecraft) Created: 1024x512x4 minecraft:textures/atlas/shield_patterns.png-atlas
[23:18:11] [Render thread/INFO] (Minecraft) Created: 256x256x4 minecraft:textures/atlas/chest.png-atlas
[23:18:11] [Render thread/INFO] (Minecraft) Created: 512x256x4 minecraft:textures/atlas/beds.png-atlas
[23:18:11] [Render thread/INFO] (Minecraft) Created: 512x256x4 minecraft:textures/atlas/shulker_boxes.png-atlas
[23:18:13] [Render thread/WARN] (Minecraft) Shader rendertype_entity_translucent_emissive could not find sampler named Sampler2 in the specified shader program.
[23:18:13] [Render thread/INFO] (Minecraft) Created: 512x256x0 minecraft:textures/atlas/particles.png-atlas
[23:18:13] [Render thread/INFO] (Minecraft) Created: 256x256x0 minecraft:textures/atlas/paintings.png-atlas
[23:18:13] [Render thread/INFO] (Minecraft) Created: 256x128x0 minecraft:textures/atlas/mob_effects.png-atlas
[23:18:17] [Worker-Bootstrap-1/INFO] (Minecraft) 4283 Datafixer optimizations took 17099 milliseconds
[23:18:19] [Render thread/INFO] (Minecraft) Loaded 8 recipes
[23:18:19] [Render thread/INFO] (Minecraft) Loaded 1179 advancements
[23:18:20] [Worker-Main-29/ERROR] (Minecraft) Failed to retrieve profile key pair
java.io.IOException: Could not retrieve profile key pair
	at net.minecraft.client.util.ProfileKeys.fetchKeyPair(ProfileKeys.java:130) ~[minecraft-project-@-merged-named.jar:?]
	at net.minecraft.client.util.ProfileKeys.method_44291(ProfileKeys.java:69) ~[minecraft-project-@-merged-named.jar:?]
	at java.util.concurrent.CompletableFuture$AsyncSupply.run(CompletableFuture.java:1812) [?:?]
	at java.util.concurrent.CompletableFuture$AsyncSupply.exec(CompletableFuture.java:1804) [?:?]
	at java.util.concurrent.ForkJoinTask.doExec(ForkJoinTask.java:507) [?:?]
	at java.util.concurrent.ForkJoinPool$WorkQueue.topLevelExec(ForkJoinPool.java:1458) [?:?]
	at java.util.concurrent.ForkJoinPool.runWorker(ForkJoinPool.java:2034) [?:?]
	at java.util.concurrent.ForkJoinWorkerThread.run(ForkJoinWorkerThread.java:189) [?:?]
[23:18:20] [Render thread/INFO] (BiomeModificationImpl) Applied 0 biome modifications to 0 of 63 new biomes in 961.7 μs
[23:18:20] [Server thread/INFO] (Minecraft) Starting integrated minecraft server version 1.19.2
[23:18:20] [Server thread/INFO] (Minecraft) Generating keypair
[23:18:20] [Server thread/INFO] (Minecraft) Preparing start region for dimension minecraft:overworld
[23:18:21] [Render thread/INFO] (Minecraft) Preparing spawn area: 0%
[23:18:21] [Render thread/INFO] (Minecraft) Preparing spawn area: 0%
[23:18:21] [Render thread/INFO] (Minecraft) Preparing spawn area: 0%
[23:18:21] [Render thread/INFO] (Minecraft) Preparing spawn area: 3%
[23:18:22] [Render thread/INFO] (Minecraft) Preparing spawn area: 69%
[23:18:22] [Render thread/INFO] (Minecraft) Time elapsed: 2123 ms
[23:18:22] [Server thread/INFO] (Minecraft) Changing view distance to 12, from 10
[23:18:22] [Server thread/INFO] (Minecraft) Changing simulation distance to 12, from 0
[23:18:22] [Server thread/INFO] (Minecraft) Player73[local:E:b82dc271] logged in with entity id 175 at (-112.62034838990267, 71.0, -117.34908285355847)
[23:18:22] [Server thread/INFO] (Minecraft) Player73 joined the game
[23:18:22] [Server thread/INFO] (Minecraft) Player73 has made the advancement [Stone Age]
[23:18:23] [Render thread/WARN] (Minecraft) Unknown recipe category: multiverse:fluid_distilling/multiverse:bottle_of_portal_fluid
[23:18:23] [Render thread/INFO] (Minecraft) [System] [CHAT] Player73 has made the advancement [Stone Age]
[23:18:23] [Render thread/INFO] (Minecraft) Loaded 65 advancements
[23:18:35] [Server thread/INFO] (multiverse) BlockEntity: com.todd.multiverse.blocks.entity.FluidDistillerBlockEntity@59564e37
[23:18:35] [Server thread/INFO] (multiverse) Opening screen
[23:18:40] [Server thread/INFO] (multiverse) BlockEntity: com.todd.multiverse.blocks.entity.FluidDistillerBlockEntity@59564e37
[23:18:40] [Server thread/INFO] (multiverse) Opening screen
[23:19:01] [Render thread/INFO] (fabric-screen-api-v1) Stopping!
[23:19:01] [Server thread/INFO] (Minecraft) Player73 lost connection: Disconnected
[23:19:01] [Server thread/INFO] (Minecraft) Player73 left the game
[23:19:01] [Server thread/INFO] (Minecraft) Stopping singleplayer server as player logged out
[23:19:01] [Server thread/INFO] (Minecraft) Stopping server
[23:19:01] [Server thread/INFO] (Minecraft) Saving players
[23:19:01] [Server thread/INFO] (Minecraft) Saving worlds
[23:19:01] [Server thread/INFO] (Minecraft) Saving chunks for level 'ServerLevel[New World]'/minecraft:overworld
[23:19:01] [Server thread/INFO] (Minecraft) Saving chunks for level 'ServerLevel[New World]'/minecraft:the_nether
[23:19:01] [Server thread/INFO] (Minecraft) Saving chunks for level 'ServerLevel[New World]'/minecraft:the_end
[23:19:01] [Server thread/INFO] (Minecraft) ThreadedAnvilChunkStorage (New World): All chunks are saved
[23:19:01] [Server thread/INFO] (Minecraft) ThreadedAnvilChunkStorage (DIM-1): All chunks are saved
[23:19:01] [Server thread/INFO] (Minecraft) ThreadedAnvilChunkStorage (DIM1): All chunks are saved
[23:19:01] [Server thread/INFO] (Minecraft) ThreadedAnvilChunkStorage: All dimensions are saved
